2024-09-30 00:34:55,519 - INFO - Iniciando entrenamiento del modelo.
2024-09-30 00:34:55,584 - INFO - Datos combinados de todas las ubicaciones con éxito.
2024-09-30 00:34:55,711 - INFO - Nodos: 3, Precisión: 0.7775509353776926
2024-09-30 00:34:55,831 - INFO - Nodos: 4, Precisión: 0.7954251906170576
2024-09-30 00:34:55,972 - INFO - Nodos: 5, Precisión: 0.7954251906170576
2024-09-30 00:34:56,115 - INFO - Nodos: 6, Precisión: 0.7954251906170576
2024-09-30 00:34:56,262 - INFO - Nodos: 7, Precisión: 0.7954251906170576
2024-09-30 00:34:56,426 - INFO - Nodos: 8, Precisión: 0.7954251906170576
2024-09-30 00:34:56,592 - INFO - Nodos: 9, Precisión: 0.7954251906170576
2024-09-30 00:34:56,758 - INFO - Nodos: 10, Precisión: 0.7965501437440107
2024-09-30 00:34:56,941 - INFO - Nodos: 11, Precisión: 0.7965501437440107
2024-09-30 00:34:57,127 - INFO - Nodos: 12, Precisión: 0.7965501437440107
2024-09-30 00:34:57,315 - INFO - Nodos: 13, Precisión: 0.7965501437440107
2024-09-30 00:34:57,506 - INFO - Nodos: 14, Precisión: 0.796425148952127
2024-09-30 00:34:57,697 - INFO - Nodos: 15, Precisión: 0.796425148952127
2024-09-30 00:34:57,889 - INFO - Nodos: 16, Precisión: 0.796425148952127
2024-09-30 00:34:58,079 - INFO - Nodos: 17, Precisión: 0.796425148952127
2024-09-30 00:34:58,277 - INFO - Nodos: 18, Precisión: 0.8171117870088747
2024-09-30 00:34:58,479 - INFO - Nodos: 19, Precisión: 0.8171117870088747
2024-09-30 00:34:58,684 - INFO - Nodos: 20, Precisión: 0.8171117870088747
2024-09-30 00:34:58,893 - INFO - Nodos: 21, Precisión: 0.8235073538602559
2024-09-30 00:34:59,102 - INFO - Nodos: 22, Precisión: 0.8235073538602559
2024-09-30 00:34:59,314 - INFO - Nodos: 23, Precisión: 0.8235073538602559
2024-09-30 00:34:59,527 - INFO - Nodos: 24, Precisión: 0.8235073538602559
2024-09-30 00:34:59,735 - INFO - El modelo con 21 nodos y precisión de 0.8235073538602559 ha sido guardado en weather_model/Modelo/mejor_modelo_arbol_decision.pkl.
2024-09-30 00:42:28,046 - INFO - Iniciando entrenamiento del modelo.
2024-09-30 00:42:28,123 - INFO - Datos combinados de todas las ubicaciones con éxito.
2024-09-30 00:42:28,248 - INFO - Nodos: 3, Precisión: 0.7775509353776926
2024-09-30 00:42:28,369 - INFO - Nodos: 4, Precisión: 0.7954251906170576
2024-09-30 00:42:28,509 - INFO - Nodos: 5, Precisión: 0.7954251906170576
2024-09-30 00:42:28,654 - INFO - Nodos: 6, Precisión: 0.7954251906170576
2024-09-30 00:42:28,801 - INFO - Nodos: 7, Precisión: 0.7954251906170576
2024-09-30 00:42:28,966 - INFO - Nodos: 8, Precisión: 0.7954251906170576
2024-09-30 00:42:29,131 - INFO - Nodos: 9, Precisión: 0.7954251906170576
2024-09-30 00:42:29,298 - INFO - Nodos: 10, Precisión: 0.7965501437440107
2024-09-30 00:42:29,480 - INFO - Nodos: 11, Precisión: 0.7965501437440107
2024-09-30 00:42:29,664 - INFO - Nodos: 12, Precisión: 0.7965501437440107
2024-09-30 00:42:29,852 - INFO - Nodos: 13, Precisión: 0.7965501437440107
2024-09-30 00:42:30,039 - INFO - Nodos: 14, Precisión: 0.796425148952127
2024-09-30 00:42:30,228 - INFO - Nodos: 15, Precisión: 0.796425148952127
2024-09-30 00:42:30,417 - INFO - Nodos: 16, Precisión: 0.796425148952127
2024-09-30 00:42:30,607 - INFO - Nodos: 17, Precisión: 0.796425148952127
2024-09-30 00:42:30,806 - INFO - Nodos: 18, Precisión: 0.8171117870088747
2024-09-30 00:42:31,008 - INFO - Nodos: 19, Precisión: 0.8171117870088747
2024-09-30 00:42:31,213 - INFO - Nodos: 20, Precisión: 0.8171117870088747
2024-09-30 00:42:31,427 - INFO - Nodos: 21, Precisión: 0.8235073538602559
2024-09-30 00:42:31,645 - INFO - Nodos: 22, Precisión: 0.8235073538602559
2024-09-30 00:42:31,862 - INFO - Nodos: 23, Precisión: 0.8235073538602559
2024-09-30 00:42:32,086 - INFO - Nodos: 24, Precisión: 0.8235073538602559
2024-09-30 00:42:32,306 - INFO - El modelo con 21 nodos y precisión de 0.8235073538602559 ha sido guardado en weather_model/Modelo/mejor_modelo_arbol_decision.pkl.
2024-09-30 00:53:04,770 - INFO - Iniciando entrenamiento del modelo.
2024-09-30 00:53:04,839 - INFO - Datos combinados de todas las ubicaciones con éxito.
2024-09-30 00:53:04,967 - INFO - Nodos: 3, Precisión: 0.7775509353776926
2024-09-30 00:53:05,087 - INFO - Nodos: 4, Precisión: 0.7954251906170576
2024-09-30 00:53:05,229 - INFO - Nodos: 5, Precisión: 0.7954251906170576
2024-09-30 00:53:05,373 - INFO - Nodos: 6, Precisión: 0.7954251906170576
2024-09-30 00:53:05,521 - INFO - Nodos: 7, Precisión: 0.7954251906170576
2024-09-30 00:53:05,687 - INFO - Nodos: 8, Precisión: 0.7954251906170576
2024-09-30 00:53:05,855 - INFO - Nodos: 9, Precisión: 0.7954251906170576
2024-09-30 00:53:06,021 - INFO - Nodos: 10, Precisión: 0.7965501437440107
2024-09-30 00:53:06,205 - INFO - Nodos: 11, Precisión: 0.7965501437440107
2024-09-30 00:53:06,389 - INFO - Nodos: 12, Precisión: 0.7965501437440107
2024-09-30 00:53:06,577 - INFO - Nodos: 13, Precisión: 0.7965501437440107
2024-09-30 00:53:06,765 - INFO - Nodos: 14, Precisión: 0.796425148952127
2024-09-30 00:53:06,955 - INFO - Nodos: 15, Precisión: 0.796425148952127
2024-09-30 00:53:07,146 - INFO - Nodos: 16, Precisión: 0.796425148952127
2024-09-30 00:53:07,336 - INFO - Nodos: 17, Precisión: 0.796425148952127
2024-09-30 00:53:07,533 - INFO - Nodos: 18, Precisión: 0.8171117870088747
2024-09-30 00:53:07,735 - INFO - Nodos: 19, Precisión: 0.8171117870088747
2024-09-30 00:53:07,942 - INFO - Nodos: 20, Precisión: 0.8171117870088747
2024-09-30 00:53:08,153 - INFO - Nodos: 21, Precisión: 0.8235073538602559
2024-09-30 00:53:08,365 - INFO - Nodos: 22, Precisión: 0.8235073538602559
2024-09-30 00:53:08,577 - INFO - Nodos: 23, Precisión: 0.8235073538602559
2024-09-30 00:53:08,789 - INFO - Nodos: 24, Precisión: 0.8235073538602559
2024-09-30 00:53:08,996 - INFO - El modelo con 21 nodos y precisión de 0.8235073538602559 ha sido guardado en weather_model/Modelo/mejor_modelo_arbol_decision.pkl.
2024-09-30 00:53:58,717 - INFO - Iniciando entrenamiento del modelo.
2024-09-30 00:53:58,780 - INFO - Datos combinados de todas las ubicaciones con éxito.
2024-09-30 00:53:58,909 - INFO - Nodos: 3, Precisión: 0.7775509353776926
2024-09-30 00:53:59,032 - INFO - Nodos: 4, Precisión: 0.7954251906170576
2024-09-30 00:53:59,174 - INFO - Nodos: 5, Precisión: 0.7954251906170576
2024-09-30 00:53:59,319 - INFO - Nodos: 6, Precisión: 0.7954251906170576
2024-09-30 00:53:59,467 - INFO - Nodos: 7, Precisión: 0.7954251906170576
2024-09-30 00:53:59,635 - INFO - Nodos: 8, Precisión: 0.7954251906170576
2024-09-30 00:53:59,801 - INFO - Nodos: 9, Precisión: 0.7954251906170576
2024-09-30 00:53:59,968 - INFO - Nodos: 10, Precisión: 0.7965501437440107
2024-09-30 00:54:00,152 - INFO - Nodos: 11, Precisión: 0.7965501437440107
2024-09-30 00:54:00,337 - INFO - Nodos: 12, Precisión: 0.7965501437440107
2024-09-30 00:54:00,525 - INFO - Nodos: 13, Precisión: 0.7965501437440107
2024-09-30 00:54:00,714 - INFO - Nodos: 14, Precisión: 0.796425148952127
2024-09-30 00:54:00,904 - INFO - Nodos: 15, Precisión: 0.796425148952127
2024-09-30 00:54:01,095 - INFO - Nodos: 16, Precisión: 0.796425148952127
2024-09-30 00:54:01,285 - INFO - Nodos: 17, Precisión: 0.796425148952127
2024-09-30 00:54:01,488 - INFO - Nodos: 18, Precisión: 0.8171117870088747
2024-09-30 00:54:01,696 - INFO - Nodos: 19, Precisión: 0.8171117870088747
2024-09-30 00:54:01,907 - INFO - Nodos: 20, Precisión: 0.8171117870088747
2024-09-30 00:54:02,123 - INFO - Nodos: 21, Precisión: 0.8235073538602559
2024-09-30 00:54:02,343 - INFO - Nodos: 22, Precisión: 0.8235073538602559
2024-09-30 00:54:02,568 - INFO - Nodos: 23, Precisión: 0.8235073538602559
2024-09-30 00:54:02,781 - INFO - Nodos: 24, Precisión: 0.8235073538602559
2024-09-30 00:54:02,987 - INFO - El modelo con 21 nodos y precisión de 0.8235073538602559 ha sido guardado en weather_model/Modelo/mejor_modelo_arbol_decision.pkl.
2024-09-30 01:00:30,573 - INFO - Iniciando entrenamiento del modelo.
2024-09-30 01:00:30,638 - INFO - Datos combinados de todas las ubicaciones con éxito.
2024-09-30 01:00:30,639 - INFO - Características utilizadas durante el entrenamiento guardadas con éxito.
2024-09-30 01:00:30,765 - INFO - Nodos: 3, Precisión: 0.7775509353776926
2024-09-30 01:00:30,886 - INFO - Nodos: 4, Precisión: 0.7954251906170576
2024-09-30 01:00:31,027 - INFO - Nodos: 5, Precisión: 0.7954251906170576
2024-09-30 01:00:31,170 - INFO - Nodos: 6, Precisión: 0.7954251906170576
2024-09-30 01:00:31,323 - INFO - Nodos: 7, Precisión: 0.7954251906170576
2024-09-30 01:00:31,498 - INFO - Nodos: 8, Precisión: 0.7954251906170576
2024-09-30 01:00:31,686 - INFO - Nodos: 9, Precisión: 0.7954251906170576
2024-09-30 01:00:31,881 - INFO - Nodos: 10, Precisión: 0.7965501437440107
2024-09-30 01:00:32,096 - INFO - Nodos: 11, Precisión: 0.7965501437440107
2024-09-30 01:00:32,320 - INFO - Nodos: 12, Precisión: 0.7965501437440107
2024-09-30 01:00:32,538 - INFO - Nodos: 13, Precisión: 0.7965501437440107
2024-09-30 01:00:32,746 - INFO - Nodos: 14, Precisión: 0.796425148952127
2024-09-30 01:00:32,946 - INFO - Nodos: 15, Precisión: 0.796425148952127
2024-09-30 01:00:33,146 - INFO - Nodos: 16, Precisión: 0.796425148952127
2024-09-30 01:00:33,345 - INFO - Nodos: 17, Precisión: 0.796425148952127
2024-09-30 01:00:33,549 - INFO - Nodos: 18, Precisión: 0.8171117870088747
2024-09-30 01:00:33,751 - INFO - Nodos: 19, Precisión: 0.8171117870088747
2024-09-30 01:00:33,957 - INFO - Nodos: 20, Precisión: 0.8171117870088747
2024-09-30 01:00:34,175 - INFO - Nodos: 21, Precisión: 0.8235073538602559
2024-09-30 01:00:34,395 - INFO - Nodos: 22, Precisión: 0.8235073538602559
2024-09-30 01:00:34,611 - INFO - Nodos: 23, Precisión: 0.8235073538602559
2024-09-30 01:00:34,824 - INFO - Nodos: 24, Precisión: 0.8235073538602559
2024-09-30 01:00:35,031 - INFO - El modelo con 21 nodos y precisión de 0.8235073538602559 ha sido guardado en weather_model/Modelo/mejor_modelo_arbol_decision.pkl.
2024-09-30 01:33:41,363 - INFO - Iniciando entrenamiento del modelo.
2024-09-30 01:33:41,423 - INFO - Datos combinados de todas las ubicaciones con éxito.
2024-09-30 01:33:41,425 - INFO - Características utilizadas durante el entrenamiento guardadas con éxito.
2024-09-30 01:33:41,564 - INFO - Nodos: 3, Precisión: 0.7775509353776926
2024-09-30 01:33:41,691 - INFO - Nodos: 4, Precisión: 0.7954251906170576
2024-09-30 01:33:41,833 - INFO - Nodos: 5, Precisión: 0.7954251906170576
2024-09-30 01:33:41,977 - INFO - Nodos: 6, Precisión: 0.7954251906170576
2024-09-30 01:33:42,124 - INFO - Nodos: 7, Precisión: 0.7954251906170576
2024-09-30 01:33:42,288 - INFO - Nodos: 8, Precisión: 0.7954251906170576
2024-09-30 01:33:42,455 - INFO - Nodos: 9, Precisión: 0.7954251906170576
2024-09-30 01:33:42,621 - INFO - Nodos: 10, Precisión: 0.7965501437440107
2024-09-30 01:33:42,805 - INFO - Nodos: 11, Precisión: 0.7965501437440107
2024-09-30 01:33:42,989 - INFO - Nodos: 12, Precisión: 0.7965501437440107
2024-09-30 01:33:43,176 - INFO - Nodos: 13, Precisión: 0.7965501437440107
2024-09-30 01:33:43,367 - INFO - Nodos: 14, Precisión: 0.796425148952127
2024-09-30 01:33:43,557 - INFO - Nodos: 15, Precisión: 0.796425148952127
2024-09-30 01:33:43,748 - INFO - Nodos: 16, Precisión: 0.796425148952127
2024-09-30 01:33:43,939 - INFO - Nodos: 17, Precisión: 0.796425148952127
2024-09-30 01:33:44,136 - INFO - Nodos: 18, Precisión: 0.8171117870088747
2024-09-30 01:33:44,337 - INFO - Nodos: 19, Precisión: 0.8171117870088747
2024-09-30 01:33:44,541 - INFO - Nodos: 20, Precisión: 0.8171117870088747
2024-09-30 01:33:44,753 - INFO - Nodos: 21, Precisión: 0.8235073538602559
2024-09-30 01:33:44,974 - INFO - Nodos: 22, Precisión: 0.8235073538602559
2024-09-30 01:33:45,186 - INFO - Nodos: 23, Precisión: 0.8235073538602559
2024-09-30 01:33:45,406 - INFO - Nodos: 24, Precisión: 0.8235073538602559
2024-09-30 01:33:45,622 - INFO - El modelo con 21 nodos y precisión de 0.8235073538602559 ha sido guardado en weather_model/Modelo/mejor_modelo_arbol_decision.pkl.
